C:\Users\FBA\Documents\Visual Studio 2010\Projects\cuda123\cuda123\Debug\cl.command.1.tlog
C:\Users\FBA\Documents\Visual Studio 2010\Projects\cuda123\cuda123\Debug\CL.read.1.tlog
C:\Users\FBA\Documents\Visual Studio 2010\Projects\cuda123\cuda123\Debug\CL.write.1.tlog
C:\USERS\FBA\DOCUMENTS\VISUAL STUDIO 2010\PROJECTS\CUDA123\CUDA123\DEBUG\CUDA123.EXE.EMBED.MANIFEST
C:\USERS\FBA\DOCUMENTS\VISUAL STUDIO 2010\PROJECTS\CUDA123\CUDA123\DEBUG\CUDA123.EXE.EMBED.MANIFEST.RES
C:\USERS\FBA\DOCUMENTS\VISUAL STUDIO 2010\PROJECTS\CUDA123\CUDA123\DEBUG\CUDA123.EXE.INTERMEDIATE.MANIFEST
C:\Users\FBA\Documents\Visual Studio 2010\Projects\cuda123\cuda123\Debug\cuda123.write.1.tlog
C:\Users\FBA\Documents\Visual Studio 2010\Projects\cuda123\cuda123\Debug\cuda123_manifest.rc
C:\USERS\FBA\DOCUMENTS\VISUAL STUDIO 2010\PROJECTS\CUDA123\CUDA123\DEBUG\DRIVER.OBJ
C:\Users\FBA\Documents\Visual Studio 2010\Projects\cuda123\cuda123\Debug\energies.cu.cache
C:\Users\FBA\Documents\Visual Studio 2010\Projects\cuda123\cuda123\Debug\energies.cu.obj
C:\USERS\FBA\DOCUMENTS\VISUAL STUDIO 2010\PROJECTS\CUDA123\CUDA123\DEBUG\IMAGE.OBJ
C:\Users\FBA\Documents\Visual Studio 2010\Projects\cuda123\cuda123\Debug\link.4808.read.1.tlog
C:\Users\FBA\Documents\Visual Studio 2010\Projects\cuda123\cuda123\Debug\link.4808.write.1.tlog
C:\Users\FBA\Documents\Visual Studio 2010\Projects\cuda123\cuda123\Debug\link.4808-cvtres.read.1.tlog
C:\Users\FBA\Documents\Visual Studio 2010\Projects\cuda123\cuda123\Debug\link.4808-cvtres.write.1.tlog
C:\Users\FBA\Documents\Visual Studio 2010\Projects\cuda123\cuda123\Debug\link.command.1.tlog
C:\Users\FBA\Documents\Visual Studio 2010\Projects\cuda123\cuda123\Debug\link.read.1.tlog
C:\Users\FBA\Documents\Visual Studio 2010\Projects\cuda123\cuda123\Debug\link.write.1.tlog
C:\Users\FBA\Documents\Visual Studio 2010\Projects\cuda123\cuda123\Debug\link-cvtres.read.1.tlog
C:\Users\FBA\Documents\Visual Studio 2010\Projects\cuda123\cuda123\Debug\link-cvtres.write.1.tlog
C:\Users\FBA\Documents\Visual Studio 2010\Projects\cuda123\cuda123\Debug\mt.command.1.tlog
C:\Users\FBA\Documents\Visual Studio 2010\Projects\cuda123\cuda123\Debug\mt.read.1.tlog
C:\Users\FBA\Documents\Visual Studio 2010\Projects\cuda123\cuda123\Debug\mt.write.1.tlog
C:\Users\FBA\Documents\Visual Studio 2010\Projects\cuda123\cuda123\Debug\rc.command.1.tlog
C:\Users\FBA\Documents\Visual Studio 2010\Projects\cuda123\cuda123\Debug\rc.read.1.tlog
C:\Users\FBA\Documents\Visual Studio 2010\Projects\cuda123\cuda123\Debug\rc.write.1.tlog
C:\Users\FBA\Documents\Visual Studio 2010\Projects\cuda123\cuda123\Debug\seamcarver.cu.cache
C:\Users\FBA\Documents\Visual Studio 2010\Projects\cuda123\cuda123\Debug\seamcarver.cu.obj
C:\Users\FBA\Documents\Visual Studio 2010\Projects\cuda123\cuda123\Debug\vc100.idb
C:\USERS\FBA\DOCUMENTS\VISUAL STUDIO 2010\PROJECTS\CUDA123\CUDA123\DEBUG\VC100.PDB
C:\USERS\FBA\DOCUMENTS\VISUAL STUDIO 2010\PROJECTS\CUDA123\DEBUG\CUDA123.EXE
C:\USERS\FBA\DOCUMENTS\VISUAL STUDIO 2010\PROJECTS\CUDA123\DEBUG\CUDA123.ILK
C:\USERS\FBA\DOCUMENTS\VISUAL STUDIO 2010\PROJECTS\CUDA123\DEBUG\CUDA123.PDB
