Build started 3/30/2015 10:53:06 AM.
     1>Project "C:\Users\FBA\Documents\Visual Studio 2010\Projects\seq\seq\seq.vcxproj" on node 2 (rebuild target(s)).
     1>_PrepareForClean:
         Deleting file "Debug\seq.lastbuildstate".
       InitializeBuildStatus:
         Creating "Debug\seq.unsuccessfulbuild" because "AlwaysCreate" was specified.
       ClCompile:
         C:\Program Files (x86)\Microsoft Visual Studio 10.0\VC\bin\CL.exe /c /ZI /nologo /W3 /WX- /Od /Oy- /D _MBCS /Gm /EHsc /RTC1 /MTd /GS /fp:precise /Zc:wchar_t /Zc:forScope /Fo"Debug\\" /Fd"Debug\vc100.pdb" /Gd /TP /analyze- /errorReport:prompt ..\driver.cpp ..\energies.cpp ..\image.cpp ..\seamcarver.cpp
         seamcarver.cpp
         image.cpp
     1>c:\users\fba\documents\visual studio 2010\projects\seq\image.cpp(21): warning C4996: 'fopen': This function or variable may be unsafe. Consider using fopen_s instead. To disable deprecation, use _CRT_SECURE_NO_WARNINGS. See online help for details.
                 c:\program files (x86)\microsoft visual studio 10.0\vc\include\stdio.h(234) : see declaration of 'fopen'
     1>c:\users\fba\documents\visual studio 2010\projects\seq\image.cpp(87): warning C4996: 'fopen': This function or variable may be unsafe. Consider using fopen_s instead. To disable deprecation, use _CRT_SECURE_NO_WARNINGS. See online help for details.
                 c:\program files (x86)\microsoft visual studio 10.0\vc\include\stdio.h(234) : see declaration of 'fopen'
         energies.cpp
         driver.cpp
         Generating Code...
       Link:
         C:\Program Files (x86)\Microsoft Visual Studio 10.0\VC\bin\link.exe /ERRORREPORT:PROMPT /OUT:"C:\Users\FBA\Documents\Visual Studio 2010\Projects\seq\Debug\seq.exe" /NOLOGO kernel32.lib user32.lib gdi32.lib winspool.lib comdlg32.lib advapi32.lib shell32.lib ole32.lib oleaut32.lib uuid.lib odbc32.lib odbccp32.lib /MANIFEST /ManifestFile:"Debug\seq.exe.intermediate.manifest" /MANIFESTUAC:"level='asInvoker' uiAccess='false'" /DEBUG /PDB:"C:\Users\FBA\Documents\Visual Studio 2010\Projects\seq\Debug\seq.pdb" /TLBID:1 /DYNAMICBASE /NXCOMPAT /IMPLIB:"C:\Users\FBA\Documents\Visual Studio 2010\Projects\seq\Debug\seq.lib" /MACHINE:X86 Debug\driver.obj
         Debug\energies.obj
         Debug\image.obj
         Debug\seamcarver.obj
         seq.vcxproj -> C:\Users\FBA\Documents\Visual Studio 2010\Projects\seq\Debug\seq.exe
       Manifest:
         C:\Program Files (x86)\Microsoft SDKs\Windows\v7.0A\bin\mt.exe /nologo /verbose /outputresource:"C:\Users\FBA\Documents\Visual Studio 2010\Projects\seq\Debug\seq.exe;#1" /manifest Debug\seq.exe.intermediate.manifest
       FinalizeBuildStatus:
         Deleting file "Debug\seq.unsuccessfulbuild".
         Touching "Debug\seq.lastbuildstate".
     1>Done Building Project "C:\Users\FBA\Documents\Visual Studio 2010\Projects\seq\seq\seq.vcxproj" (rebuild target(s)).

Build succeeded.

Time Elapsed 00:00:03.17
