C:\USERS\FBA\DOCUMENTS\VISUAL STUDIO 2010\PROJECTS\SEQ\DEBUG\SEQ.EXE
C:\USERS\FBA\DOCUMENTS\VISUAL STUDIO 2010\PROJECTS\SEQ\DEBUG\SEQ.ILK
C:\USERS\FBA\DOCUMENTS\VISUAL STUDIO 2010\PROJECTS\SEQ\DEBUG\SEQ.PDB
C:\Users\FBA\Documents\Visual Studio 2010\Projects\seq\seq\Debug\cl.command.1.tlog
C:\Users\FBA\Documents\Visual Studio 2010\Projects\seq\seq\Debug\CL.read.1.tlog
C:\Users\FBA\Documents\Visual Studio 2010\Projects\seq\seq\Debug\CL.write.1.tlog
C:\USERS\FBA\DOCUMENTS\VISUAL STUDIO 2010\PROJECTS\SEQ\SEQ\DEBUG\DRIVER.OBJ
C:\USERS\FBA\DOCUMENTS\VISUAL STUDIO 2010\PROJECTS\SEQ\SEQ\DEBUG\ENERGIES.OBJ
C:\USERS\FBA\DOCUMENTS\VISUAL STUDIO 2010\PROJECTS\SEQ\SEQ\DEBUG\IMAGE.OBJ
C:\Users\FBA\Documents\Visual Studio 2010\Projects\seq\seq\Debug\link.command.1.tlog
C:\Users\FBA\Documents\Visual Studio 2010\Projects\seq\seq\Debug\link.read.1.tlog
C:\Users\FBA\Documents\Visual Studio 2010\Projects\seq\seq\Debug\link.write.1.tlog
C:\Users\FBA\Documents\Visual Studio 2010\Projects\seq\seq\Debug\mt.command.1.tlog
C:\Users\FBA\Documents\Visual Studio 2010\Projects\seq\seq\Debug\mt.read.1.tlog
C:\Users\FBA\Documents\Visual Studio 2010\Projects\seq\seq\Debug\mt.write.1.tlog
C:\USERS\FBA\DOCUMENTS\VISUAL STUDIO 2010\PROJECTS\SEQ\SEQ\DEBUG\SEAMCARVER.OBJ
C:\USERS\FBA\DOCUMENTS\VISUAL STUDIO 2010\PROJECTS\SEQ\SEQ\DEBUG\SEQ.EXE.INTERMEDIATE.MANIFEST
C:\Users\FBA\Documents\Visual Studio 2010\Projects\seq\seq\Debug\seq.vcxprojResolveAssemblyReference.cache
C:\Users\FBA\Documents\Visual Studio 2010\Projects\seq\seq\Debug\seq.write.1.tlog
C:\Users\FBA\Documents\Visual Studio 2010\Projects\seq\seq\Debug\vc100.idb
C:\USERS\FBA\DOCUMENTS\VISUAL STUDIO 2010\PROJECTS\SEQ\SEQ\DEBUG\VC100.PDB
